<?xml version="1.0" encoding="UTF-8"?>
<testsuite xmlns:xsi="http://www.w3.org/2001/XMLSchema-instance" xsi:noNamespaceSchemaLocation="https://maven.apache.org/surefire/maven-surefire-plugin/xsd/surefire-test-report.xsd" version="3.0.2" name="com.technicalchallenge.VervegroupchallengeApplicationTests" time="0.468" tests="1" errors="0" skipped="0" failures="0">
  <properties>
[...]
</properties>
  <testcase name="contextLoads" classname="com.technicalchallenge.VervegroupchallengeApplicationTests" time="0.012">
    <system-out><![CDATA[2024-12-08T22:42:49.852+05:30  INFO 18000 --- [           main] t.c.s.AnnotationConfigContextLoaderUtils : Could not detect default configuration classes for test class [com.technicalchallenge.VervegroupchallengeApplicationTests]: VervegroupchallengeApplicationTests does not declare any static, non-private, non-final, nested classes annotated with @Configuration.
2024-12-08T22:42:49.852+05:30  INFO 18000 --- [           main] .b.t.c.SpringBootTestContextBootstrapper : Found @SpringBootConfiguration com.technicalchallenge.VervegroupchallengeApplication for test class com.technicalchallenge.VervegroupchallengeApplicationTests

  .   ____          _            __ _ _
 /\\ / ___'_ __ _ _(_)_ __  __ _ \ \ \ \
( ( )\___ | '_ | '_| | '_ \/ _` | \ \ \ \
 \\/  ___)| |_)| | | | | || (_| |  ) ) ) )
  '  |____| .__|_| |_|_| |_\__, | / / / /
 =========|_|==============|___/=/_/_/_/

 :: Spring Boot ::                (v3.4.0)

2024-12-08T22:42:49.915+05:30  INFO 18000 --- [           main] c.t.VervegroupchallengeApplicationTests  : Starting VervegroupchallengeApplicationTests using Java 17.0.8 with PID 18000 (started by RAKHI in C:\Users\RAKHI\Downloads\vervegroupchallenge\vervegroupchallenge)
2024-12-08T22:42:49.915+05:30  INFO 18000 --- [           main] c.t.VervegroupchallengeApplicationTests  : No active profile set, falling back to 1 default profile: "default"
2024-12-08T22:42:50.103+05:30  INFO 18000 --- [           main] .s.d.r.c.RepositoryConfigurationDelegate : Multiple Spring Data modules found, entering strict repository configuration mode
2024-12-08T22:42:50.103+05:30  INFO 18000 --- [           main] .s.d.r.c.RepositoryConfigurationDelegate : Bootstrapping Spring Data Redis repositories in DEFAULT mode.
2024-12-08T22:42:50.103+05:30  INFO 18000 --- [           main] .s.d.r.c.RepositoryConfigurationDelegate : Finished Spring Data repository scanning in 3 ms. Found 0 Redis repository interfaces.
Unique Requests in the last minute: 0
2024-12-08T22:42:50.308+05:30  INFO 18000 --- [           main] c.t.VervegroupchallengeApplicationTests  : Started VervegroupchallengeApplicationTests in 0.44 seconds (process running for 193.253)
]]></system-out>
  </testcase>
</testsuite>